
  .   ____          _            __ _ _
 /\\ / ___'_ __ _ _(_)_ __  __ _ \ \ \ \
( ( )\___ | '_ | '_| | '_ \/ _` | \ \ \ \
 \\/  ___)| |_)| | | | | || (_| |  ) ) ) )
  '  |____| .__|_| |_|_| |_\__, | / / / /
 =========|_|==============|___/=/_/_/_/
 :: Spring Boot ::  (v1.5.14.BUILD-SNAPSHOT)

2018-06-18 19:19:23.333 DEBUG 28565 --- [           main] o.s.d.r.c.RepositoryComponentProvider    : Identified candidate component class: URL [jar:file:/root/workspace/v1/agence-adam-location-de-voiture/target/agence-adam-location-de-voiture-0.0.1-SNAPSHOT.jar!/BOOT-INF/classes!/dz/agenceadam/locationvoiture/repository/UserRepository.class]
2018-06-18 19:19:23.343 DEBUG 28565 --- [           main] o.s.d.r.c.RepositoryComponentProvider    : Identified candidate component class: URL [jar:file:/root/workspace/v1/agence-adam-location-de-voiture/target/agence-adam-location-de-voiture-0.0.1-SNAPSHOT.jar!/BOOT-INF/classes!/dz/agenceadam/locationvoiture/repository/ClientRepository.class]
2018-06-18 19:19:23.345 DEBUG 28565 --- [           main] o.s.d.r.c.RepositoryComponentProvider    : Identified candidate component class: URL [jar:file:/root/workspace/v1/agence-adam-location-de-voiture/target/agence-adam-location-de-voiture-0.0.1-SNAPSHOT.jar!/BOOT-INF/classes!/dz/agenceadam/locationvoiture/repository/VoitureRepository.class]
2018-06-18 19:19:23.349 DEBUG 28565 --- [           main] o.s.d.r.c.RepositoryComponentProvider    : Identified candidate component class: URL [jar:file:/root/workspace/v1/agence-adam-location-de-voiture/target/agence-adam-location-de-voiture-0.0.1-SNAPSHOT.jar!/BOOT-INF/classes!/dz/agenceadam/locationvoiture/repository/RoleRepository.class]
2018-06-18 19:19:23.369 DEBUG 28565 --- [           main] .s.d.r.c.RepositoryBeanDefinitionBuilder : Registering custom repository implementation: voitureRepositoryImpl dz.agenceadam.locationvoiture.repository.impl.VoitureRepositoryImpl
2018-06-18 19:19:23.372 DEBUG 28565 --- [           main] .s.d.r.c.RepositoryConfigurationDelegate : Spring Data JPA - Registering repository: voitureRepository - Interface: dz.agenceadam.locationvoiture.repository.VoitureRepository - Factory: org.springframework.data.jpa.repository.support.JpaRepositoryFactoryBean
2018-06-18 19:19:23.394 DEBUG 28565 --- [           main] .s.d.r.c.RepositoryBeanDefinitionBuilder : Registering custom repository implementation: clientRepositoryImpl dz.agenceadam.locationvoiture.repository.impl.ClientRepositoryImpl
2018-06-18 19:19:23.395 DEBUG 28565 --- [           main] .s.d.r.c.RepositoryConfigurationDelegate : Spring Data JPA - Registering repository: clientRepository - Interface: dz.agenceadam.locationvoiture.repository.ClientRepository - Factory: org.springframework.data.jpa.repository.support.JpaRepositoryFactoryBean
2018-06-18 19:19:23.399 DEBUG 28565 --- [           main] .s.d.r.c.RepositoryConfigurationDelegate : Spring Data JPA - Registering repository: roleRepository - Interface: dz.agenceadam.locationvoiture.repository.RoleRepository - Factory: org.springframework.data.jpa.repository.support.JpaRepositoryFactoryBean
2018-06-18 19:19:23.406 DEBUG 28565 --- [           main] .s.d.r.c.RepositoryConfigurationDelegate : Spring Data JPA - Registering repository: userRepository - Interface: dz.agenceadam.locationvoiture.repository.UserRepository - Factory: org.springframework.data.jpa.repository.support.JpaRepositoryFactoryBean
2018-06-18 19:19:34.240 DEBUG 28565 --- [ost-startStop-1] o.s.d.j.r.query.JpaQueryFactory          : Looking up query for method getByUserName
2018-06-18 19:19:34.260 DEBUG 28565 --- [ost-startStop-1] o.s.d.jpa.repository.query.NamedQuery    : Looking up named query User.getByUserName
2018-06-18 19:19:34.260 DEBUG 28565 --- [ost-startStop-1] o.s.d.jpa.repository.query.NamedQuery    : Did not find named query User.getByUserName

  .   ____          _            __ _ _
 /\\ / ___'_ __ _ _(_)_ __  __ _ \ \ \ \
( ( )\___ | '_ | '_| | '_ \/ _` | \ \ \ \
 \\/  ___)| |_)| | | | | || (_| |  ) ) ) )
  '  |____| .__|_| |_|_| |_\__, | / / / /
 =========|_|==============|___/=/_/_/_/
 :: Spring Boot ::  (v1.5.14.BUILD-SNAPSHOT)

2018-06-29 00:31:30.125 DEBUG 13617 --- [           main] o.s.d.r.c.RepositoryComponentProvider    : Identified candidate component class: URL [jar:file:/root/workspace/v1/agence-adam-location-de-voiture/target/agence-adam-location-de-voiture-0.0.1-SNAPSHOT.jar!/BOOT-INF/classes!/dz/agenceadam/locationvoiture/repository/UserRepository.class]
2018-06-29 00:31:30.134 DEBUG 13617 --- [           main] o.s.d.r.c.RepositoryComponentProvider    : Identified candidate component class: URL [jar:file:/root/workspace/v1/agence-adam-location-de-voiture/target/agence-adam-location-de-voiture-0.0.1-SNAPSHOT.jar!/BOOT-INF/classes!/dz/agenceadam/locationvoiture/repository/ClientRepository.class]
2018-06-29 00:31:30.137 DEBUG 13617 --- [           main] o.s.d.r.c.RepositoryComponentProvider    : Identified candidate component class: URL [jar:file:/root/workspace/v1/agence-adam-location-de-voiture/target/agence-adam-location-de-voiture-0.0.1-SNAPSHOT.jar!/BOOT-INF/classes!/dz/agenceadam/locationvoiture/repository/VoitureRepository.class]
2018-06-29 00:31:30.138 DEBUG 13617 --- [           main] o.s.d.r.c.RepositoryComponentProvider    : Identified candidate component class: URL [jar:file:/root/workspace/v1/agence-adam-location-de-voiture/target/agence-adam-location-de-voiture-0.0.1-SNAPSHOT.jar!/BOOT-INF/classes!/dz/agenceadam/locationvoiture/repository/RoleRepository.class]
2018-06-29 00:31:30.165 DEBUG 13617 --- [           main] .s.d.r.c.RepositoryConfigurationDelegate : Spring Data JPA - Registering repository: userRepository - Interface: dz.agenceadam.locationvoiture.repository.UserRepository - Factory: org.springframework.data.jpa.repository.support.JpaRepositoryFactoryBean
2018-06-29 00:31:30.184 DEBUG 13617 --- [           main] .s.d.r.c.RepositoryBeanDefinitionBuilder : Registering custom repository implementation: clientRepositoryImpl dz.agenceadam.locationvoiture.repository.impl.ClientRepositoryImpl
2018-06-29 00:31:30.186 DEBUG 13617 --- [           main] .s.d.r.c.RepositoryConfigurationDelegate : Spring Data JPA - Registering repository: clientRepository - Interface: dz.agenceadam.locationvoiture.repository.ClientRepository - Factory: org.springframework.data.jpa.repository.support.JpaRepositoryFactoryBean
2018-06-29 00:31:30.199 DEBUG 13617 --- [           main] .s.d.r.c.RepositoryConfigurationDelegate : Spring Data JPA - Registering repository: roleRepository - Interface: dz.agenceadam.locationvoiture.repository.RoleRepository - Factory: org.springframework.data.jpa.repository.support.JpaRepositoryFactoryBean
2018-06-29 00:31:30.207 DEBUG 13617 --- [           main] .s.d.r.c.RepositoryBeanDefinitionBuilder : Registering custom repository implementation: voitureRepositoryImpl dz.agenceadam.locationvoiture.repository.impl.VoitureRepositoryImpl
2018-06-29 00:31:30.208 DEBUG 13617 --- [           main] .s.d.r.c.RepositoryConfigurationDelegate : Spring Data JPA - Registering repository: voitureRepository - Interface: dz.agenceadam.locationvoiture.repository.VoitureRepository - Factory: org.springframework.data.jpa.repository.support.JpaRepositoryFactoryBean
2018-06-29 00:31:41.136 DEBUG 13617 --- [ost-startStop-1] o.s.d.j.r.query.JpaQueryFactory          : Looking up query for method getByUserName
2018-06-29 00:31:41.146 DEBUG 13617 --- [ost-startStop-1] o.s.d.jpa.repository.query.NamedQuery    : Looking up named query User.getByUserName
2018-06-29 00:31:41.154 DEBUG 13617 --- [ost-startStop-1] o.s.d.jpa.repository.query.NamedQuery    : Did not find named query User.getByUserName
2018-06-29 00:31:42.206 DEBUG 13617 --- [           main] o.s.d.j.r.query.JpaQueryFactory          : Looking up query for method findByNomAndPrenomAndDateDeNaissance
2018-06-29 00:31:47.731 ERROR 13617 --- [           main] o.apache.catalina.core.StandardService   : Failed to start connector [Connector[HTTP/1.1-8080]]

org.apache.catalina.LifecycleException: Failed to start component [Connector[HTTP/1.1-8080]]
	at org.apache.catalina.util.LifecycleBase.start(LifecycleBase.java:167) ~[tomcat-embed-core-8.5.31.jar!/:8.5.31]
	at org.apache.catalina.core.StandardService.addConnector(StandardService.java:225) ~[tomcat-embed-core-8.5.31.jar!/:8.5.31]
	at org.springframework.boot.context.embedded.tomcat.TomcatEmbeddedServletContainer.addPreviouslyRemovedConnectors(TomcatEmbeddedServletContainer.java:265) [spring-boot-1.5.14.BUILD-SNAPSHOT.jar!/:1.5.14.BUILD-SNAPSHOT]
	at org.springframework.boot.context.embedded.tomcat.TomcatEmbeddedServletContainer.start(TomcatEmbeddedServletContainer.java:208) [spring-boot-1.5.14.BUILD-SNAPSHOT.jar!/:1.5.14.BUILD-SNAPSHOT]
	at org.springframework.boot.context.embedded.EmbeddedWebApplicationContext.startEmbeddedServletContainer(EmbeddedWebApplicationContext.java:297) [spring-boot-1.5.14.BUILD-SNAPSHOT.jar!/:1.5.14.BUILD-SNAPSHOT]
	at org.springframework.boot.context.embedded.EmbeddedWebApplicationContext.finishRefresh(EmbeddedWebApplicationContext.java:145) [spring-boot-1.5.14.BUILD-SNAPSHOT.jar!/:1.5.14.BUILD-SNAPSHOT]
	at org.springframework.context.support.AbstractApplicationContext.refresh(AbstractApplicationContext.java:546) [spring-context-4.3.18.RELEASE.jar!/:4.3.18.RELEASE]
	at org.springframework.boot.context.embedded.EmbeddedWebApplicationContext.refresh(EmbeddedWebApplicationContext.java:122) [spring-boot-1.5.14.BUILD-SNAPSHOT.jar!/:1.5.14.BUILD-SNAPSHOT]
	at org.springframework.boot.SpringApplication.refresh(SpringApplication.java:693) [spring-boot-1.5.14.BUILD-SNAPSHOT.jar!/:1.5.14.BUILD-SNAPSHOT]
	at org.springframework.boot.SpringApplication.refreshContext(SpringApplication.java:360) [spring-boot-1.5.14.BUILD-SNAPSHOT.jar!/:1.5.14.BUILD-SNAPSHOT]
	at org.springframework.boot.SpringApplication.run(SpringApplication.java:303) [spring-boot-1.5.14.BUILD-SNAPSHOT.jar!/:1.5.14.BUILD-SNAPSHOT]
	at org.springframework.boot.SpringApplication.run(SpringApplication.java:1118) [spring-boot-1.5.14.BUILD-SNAPSHOT.jar!/:1.5.14.BUILD-SNAPSHOT]
	at org.springframework.boot.SpringApplication.run(SpringApplication.java:1107) [spring-boot-1.5.14.BUILD-SNAPSHOT.jar!/:1.5.14.BUILD-SNAPSHOT]
	at dz.agenceadam.locationvoiture.AgenceAdamLocationDeVoitureApplication.main(AgenceAdamLocationDeVoitureApplication.java:22) [classes!/:0.0.1-SNAPSHOT]
	at sun.reflect.NativeMethodAccessorImpl.invoke0(Native Method) ~[na:1.8.0_171]
	at sun.reflect.NativeMethodAccessorImpl.invoke(NativeMethodAccessorImpl.java:62) ~[na:1.8.0_171]
	at sun.reflect.DelegatingMethodAccessorImpl.invoke(DelegatingMethodAccessorImpl.java:43) ~[na:1.8.0_171]
	at java.lang.reflect.Method.invoke(Method.java:498) ~[na:1.8.0_171]
	at org.springframework.boot.loader.MainMethodRunner.run(MainMethodRunner.java:48) [agence-adam-location-de-voiture-0.0.1-SNAPSHOT.jar:0.0.1-SNAPSHOT]
	at org.springframework.boot.loader.Launcher.launch(Launcher.java:87) [agence-adam-location-de-voiture-0.0.1-SNAPSHOT.jar:0.0.1-SNAPSHOT]
	at org.springframework.boot.loader.Launcher.launch(Launcher.java:50) [agence-adam-location-de-voiture-0.0.1-SNAPSHOT.jar:0.0.1-SNAPSHOT]
	at org.springframework.boot.loader.JarLauncher.main(JarLauncher.java:51) [agence-adam-location-de-voiture-0.0.1-SNAPSHOT.jar:0.0.1-SNAPSHOT]
Caused by: org.apache.catalina.LifecycleException: Protocol handler start failed
	at org.apache.catalina.connector.Connector.startInternal(Connector.java:1020) ~[tomcat-embed-core-8.5.31.jar!/:8.5.31]
	at org.apache.catalina.util.LifecycleBase.start(LifecycleBase.java:150) ~[tomcat-embed-core-8.5.31.jar!/:8.5.31]
	... 21 common frames omitted
Caused by: java.net.BindException: Address already in use
	at sun.nio.ch.Net.bind0(Native Method) ~[na:1.8.0_171]
	at sun.nio.ch.Net.bind(Net.java:433) ~[na:1.8.0_171]
	at sun.nio.ch.Net.bind(Net.java:425) ~[na:1.8.0_171]
	at sun.nio.ch.ServerSocketChannelImpl.bind(ServerSocketChannelImpl.java:223) ~[na:1.8.0_171]
	at sun.nio.ch.ServerSocketAdaptor.bind(ServerSocketAdaptor.java:74) ~[na:1.8.0_171]
	at org.apache.tomcat.util.net.NioEndpoint.bind(NioEndpoint.java:210) ~[tomcat-embed-core-8.5.31.jar!/:8.5.31]
	at org.apache.tomcat.util.net.AbstractEndpoint.start(AbstractEndpoint.java:1150) ~[tomcat-embed-core-8.5.31.jar!/:8.5.31]
	at org.apache.coyote.AbstractProtocol.start(AbstractProtocol.java:591) ~[tomcat-embed-core-8.5.31.jar!/:8.5.31]
	at org.apache.catalina.connector.Connector.startInternal(Connector.java:1018) ~[tomcat-embed-core-8.5.31.jar!/:8.5.31]
	... 22 common frames omitted

2018-06-29 00:31:47.786 ERROR 13617 --- [           main] o.s.b.d.LoggingFailureAnalysisReporter   : 

***************************
APPLICATION FAILED TO START
***************************

Description:

The Tomcat connector configured to listen on port 8080 failed to start. The port may already be in use or the connector may be misconfigured.

Action:

Verify the connector's configuration, identify and stop any process that's listening on port 8080, or configure this application to listen on another port.


  .   ____          _            __ _ _
 /\\ / ___'_ __ _ _(_)_ __  __ _ \ \ \ \
( ( )\___ | '_ | '_| | '_ \/ _` | \ \ \ \
 \\/  ___)| |_)| | | | | || (_| |  ) ) ) )
  '  |____| .__|_| |_|_| |_\__, | / / / /
 =========|_|==============|___/=/_/_/_/
 :: Spring Boot ::  (v1.5.14.BUILD-SNAPSHOT)

2018-06-29 00:32:05.127 DEBUG 13646 --- [           main] o.s.d.r.c.RepositoryComponentProvider    : Identified candidate component class: URL [jar:file:/root/workspace/v1/agence-adam-location-de-voiture/target/agence-adam-location-de-voiture-0.0.1-SNAPSHOT.jar!/BOOT-INF/classes!/dz/agenceadam/locationvoiture/repository/UserRepository.class]
2018-06-29 00:32:05.137 DEBUG 13646 --- [           main] o.s.d.r.c.RepositoryComponentProvider    : Identified candidate component class: URL [jar:file:/root/workspace/v1/agence-adam-location-de-voiture/target/agence-adam-location-de-voiture-0.0.1-SNAPSHOT.jar!/BOOT-INF/classes!/dz/agenceadam/locationvoiture/repository/ClientRepository.class]
2018-06-29 00:32:05.138 DEBUG 13646 --- [           main] o.s.d.r.c.RepositoryComponentProvider    : Identified candidate component class: URL [jar:file:/root/workspace/v1/agence-adam-location-de-voiture/target/agence-adam-location-de-voiture-0.0.1-SNAPSHOT.jar!/BOOT-INF/classes!/dz/agenceadam/locationvoiture/repository/VoitureRepository.class]
2018-06-29 00:32:05.139 DEBUG 13646 --- [           main] o.s.d.r.c.RepositoryComponentProvider    : Identified candidate component class: URL [jar:file:/root/workspace/v1/agence-adam-location-de-voiture/target/agence-adam-location-de-voiture-0.0.1-SNAPSHOT.jar!/BOOT-INF/classes!/dz/agenceadam/locationvoiture/repository/RoleRepository.class]
2018-06-29 00:32:05.166 DEBUG 13646 --- [           main] .s.d.r.c.RepositoryBeanDefinitionBuilder : Registering custom repository implementation: voitureRepositoryImpl dz.agenceadam.locationvoiture.repository.impl.VoitureRepositoryImpl
2018-06-29 00:32:05.173 DEBUG 13646 --- [           main] .s.d.r.c.RepositoryConfigurationDelegate : Spring Data JPA - Registering repository: voitureRepository - Interface: dz.agenceadam.locationvoiture.repository.VoitureRepository - Factory: org.springframework.data.jpa.repository.support.JpaRepositoryFactoryBean
2018-06-29 00:32:05.187 DEBUG 13646 --- [           main] .s.d.r.c.RepositoryConfigurationDelegate : Spring Data JPA - Registering repository: roleRepository - Interface: dz.agenceadam.locationvoiture.repository.RoleRepository - Factory: org.springframework.data.jpa.repository.support.JpaRepositoryFactoryBean
2018-06-29 00:32:05.199 DEBUG 13646 --- [           main] .s.d.r.c.RepositoryConfigurationDelegate : Spring Data JPA - Registering repository: userRepository - Interface: dz.agenceadam.locationvoiture.repository.UserRepository - Factory: org.springframework.data.jpa.repository.support.JpaRepositoryFactoryBean
2018-06-29 00:32:05.206 DEBUG 13646 --- [           main] .s.d.r.c.RepositoryBeanDefinitionBuilder : Registering custom repository implementation: clientRepositoryImpl dz.agenceadam.locationvoiture.repository.impl.ClientRepositoryImpl
2018-06-29 00:32:05.207 DEBUG 13646 --- [           main] .s.d.r.c.RepositoryConfigurationDelegate : Spring Data JPA - Registering repository: clientRepository - Interface: dz.agenceadam.locationvoiture.repository.ClientRepository - Factory: org.springframework.data.jpa.repository.support.JpaRepositoryFactoryBean
2018-06-29 00:32:15.959 DEBUG 13646 --- [ost-startStop-1] o.s.d.j.r.query.JpaQueryFactory          : Looking up query for method getByUserName
2018-06-29 00:32:15.972 DEBUG 13646 --- [ost-startStop-1] o.s.d.jpa.repository.query.NamedQuery    : Looking up named query User.getByUserName
2018-06-29 00:32:15.974 DEBUG 13646 --- [ost-startStop-1] o.s.d.jpa.repository.query.NamedQuery    : Did not find named query User.getByUserName
2018-06-29 00:32:17.049 DEBUG 13646 --- [           main] o.s.d.j.r.query.JpaQueryFactory          : Looking up query for method findByNomAndPrenomAndDateDeNaissance
2018-06-29 00:32:22.360 ERROR 13646 --- [           main] o.apache.catalina.core.StandardService   : Failed to start connector [Connector[HTTP/1.1-8080]]

org.apache.catalina.LifecycleException: Failed to start component [Connector[HTTP/1.1-8080]]
	at org.apache.catalina.util.LifecycleBase.start(LifecycleBase.java:167) ~[tomcat-embed-core-8.5.31.jar!/:8.5.31]
	at org.apache.catalina.core.StandardService.addConnector(StandardService.java:225) ~[tomcat-embed-core-8.5.31.jar!/:8.5.31]
	at org.springframework.boot.context.embedded.tomcat.TomcatEmbeddedServletContainer.addPreviouslyRemovedConnectors(TomcatEmbeddedServletContainer.java:265) [spring-boot-1.5.14.BUILD-SNAPSHOT.jar!/:1.5.14.BUILD-SNAPSHOT]
	at org.springframework.boot.context.embedded.tomcat.TomcatEmbeddedServletContainer.start(TomcatEmbeddedServletContainer.java:208) [spring-boot-1.5.14.BUILD-SNAPSHOT.jar!/:1.5.14.BUILD-SNAPSHOT]
	at org.springframework.boot.context.embedded.EmbeddedWebApplicationContext.startEmbeddedServletContainer(EmbeddedWebApplicationContext.java:297) [spring-boot-1.5.14.BUILD-SNAPSHOT.jar!/:1.5.14.BUILD-SNAPSHOT]
	at org.springframework.boot.context.embedded.EmbeddedWebApplicationContext.finishRefresh(EmbeddedWebApplicationContext.java:145) [spring-boot-1.5.14.BUILD-SNAPSHOT.jar!/:1.5.14.BUILD-SNAPSHOT]
	at org.springframework.context.support.AbstractApplicationContext.refresh(AbstractApplicationContext.java:546) [spring-context-4.3.18.RELEASE.jar!/:4.3.18.RELEASE]
	at org.springframework.boot.context.embedded.EmbeddedWebApplicationContext.refresh(EmbeddedWebApplicationContext.java:122) [spring-boot-1.5.14.BUILD-SNAPSHOT.jar!/:1.5.14.BUILD-SNAPSHOT]
	at org.springframework.boot.SpringApplication.refresh(SpringApplication.java:693) [spring-boot-1.5.14.BUILD-SNAPSHOT.jar!/:1.5.14.BUILD-SNAPSHOT]
	at org.springframework.boot.SpringApplication.refreshContext(SpringApplication.java:360) [spring-boot-1.5.14.BUILD-SNAPSHOT.jar!/:1.5.14.BUILD-SNAPSHOT]
	at org.springframework.boot.SpringApplication.run(SpringApplication.java:303) [spring-boot-1.5.14.BUILD-SNAPSHOT.jar!/:1.5.14.BUILD-SNAPSHOT]
	at org.springframework.boot.SpringApplication.run(SpringApplication.java:1118) [spring-boot-1.5.14.BUILD-SNAPSHOT.jar!/:1.5.14.BUILD-SNAPSHOT]
	at org.springframework.boot.SpringApplication.run(SpringApplication.java:1107) [spring-boot-1.5.14.BUILD-SNAPSHOT.jar!/:1.5.14.BUILD-SNAPSHOT]
	at dz.agenceadam.locationvoiture.AgenceAdamLocationDeVoitureApplication.main(AgenceAdamLocationDeVoitureApplication.java:22) [classes!/:0.0.1-SNAPSHOT]
	at sun.reflect.NativeMethodAccessorImpl.invoke0(Native Method) ~[na:1.8.0_171]
	at sun.reflect.NativeMethodAccessorImpl.invoke(NativeMethodAccessorImpl.java:62) ~[na:1.8.0_171]
	at sun.reflect.DelegatingMethodAccessorImpl.invoke(DelegatingMethodAccessorImpl.java:43) ~[na:1.8.0_171]
	at java.lang.reflect.Method.invoke(Method.java:498) ~[na:1.8.0_171]
	at org.springframework.boot.loader.MainMethodRunner.run(MainMethodRunner.java:48) [agence-adam-location-de-voiture-0.0.1-SNAPSHOT.jar:0.0.1-SNAPSHOT]
	at org.springframework.boot.loader.Launcher.launch(Launcher.java:87) [agence-adam-location-de-voiture-0.0.1-SNAPSHOT.jar:0.0.1-SNAPSHOT]
	at org.springframework.boot.loader.Launcher.launch(Launcher.java:50) [agence-adam-location-de-voiture-0.0.1-SNAPSHOT.jar:0.0.1-SNAPSHOT]
	at org.springframework.boot.loader.JarLauncher.main(JarLauncher.java:51) [agence-adam-location-de-voiture-0.0.1-SNAPSHOT.jar:0.0.1-SNAPSHOT]
Caused by: org.apache.catalina.LifecycleException: Protocol handler start failed
	at org.apache.catalina.connector.Connector.startInternal(Connector.java:1020) ~[tomcat-embed-core-8.5.31.jar!/:8.5.31]
	at org.apache.catalina.util.LifecycleBase.start(LifecycleBase.java:150) ~[tomcat-embed-core-8.5.31.jar!/:8.5.31]
	... 21 common frames omitted
Caused by: java.net.BindException: Address already in use
	at sun.nio.ch.Net.bind0(Native Method) ~[na:1.8.0_171]
	at sun.nio.ch.Net.bind(Net.java:433) ~[na:1.8.0_171]
	at sun.nio.ch.Net.bind(Net.java:425) ~[na:1.8.0_171]
	at sun.nio.ch.ServerSocketChannelImpl.bind(ServerSocketChannelImpl.java:223) ~[na:1.8.0_171]
	at sun.nio.ch.ServerSocketAdaptor.bind(ServerSocketAdaptor.java:74) ~[na:1.8.0_171]
	at org.apache.tomcat.util.net.NioEndpoint.bind(NioEndpoint.java:210) ~[tomcat-embed-core-8.5.31.jar!/:8.5.31]
	at org.apache.tomcat.util.net.AbstractEndpoint.start(AbstractEndpoint.java:1150) ~[tomcat-embed-core-8.5.31.jar!/:8.5.31]
	at org.apache.coyote.AbstractProtocol.start(AbstractProtocol.java:591) ~[tomcat-embed-core-8.5.31.jar!/:8.5.31]
	at org.apache.catalina.connector.Connector.startInternal(Connector.java:1018) ~[tomcat-embed-core-8.5.31.jar!/:8.5.31]
	... 22 common frames omitted

2018-06-29 00:32:22.406 ERROR 13646 --- [           main] o.s.b.d.LoggingFailureAnalysisReporter   : 

***************************
APPLICATION FAILED TO START
***************************

Description:

The Tomcat connector configured to listen on port 8080 failed to start. The port may already be in use or the connector may be misconfigured.

Action:

Verify the connector's configuration, identify and stop any process that's listening on port 8080, or configure this application to listen on another port.


  .   ____          _            __ _ _
 /\\ / ___'_ __ _ _(_)_ __  __ _ \ \ \ \
( ( )\___ | '_ | '_| | '_ \/ _` | \ \ \ \
 \\/  ___)| |_)| | | | | || (_| |  ) ) ) )
  '  |____| .__|_| |_|_| |_\__, | / / / /
 =========|_|==============|___/=/_/_/_/
 :: Spring Boot ::  (v1.5.14.BUILD-SNAPSHOT)

2018-06-29 17:58:29.549 DEBUG 27918 --- [           main] o.s.d.r.c.RepositoryComponentProvider    : Identified candidate component class: URL [jar:file:/root/workspace/v1/agence-adam-location-de-voiture/target/agence-adam-location-de-voiture-0.0.1-SNAPSHOT.jar!/BOOT-INF/classes!/dz/agenceadam/locationvoiture/repository/UserRepository.class]
2018-06-29 17:58:29.561 DEBUG 27918 --- [           main] o.s.d.r.c.RepositoryComponentProvider    : Identified candidate component class: URL [jar:file:/root/workspace/v1/agence-adam-location-de-voiture/target/agence-adam-location-de-voiture-0.0.1-SNAPSHOT.jar!/BOOT-INF/classes!/dz/agenceadam/locationvoiture/repository/ClientRepository.class]
2018-06-29 17:58:29.562 DEBUG 27918 --- [           main] o.s.d.r.c.RepositoryComponentProvider    : Identified candidate component class: URL [jar:file:/root/workspace/v1/agence-adam-location-de-voiture/target/agence-adam-location-de-voiture-0.0.1-SNAPSHOT.jar!/BOOT-INF/classes!/dz/agenceadam/locationvoiture/repository/VoitureRepository.class]
2018-06-29 17:58:29.563 DEBUG 27918 --- [           main] o.s.d.r.c.RepositoryComponentProvider    : Identified candidate component class: URL [jar:file:/root/workspace/v1/agence-adam-location-de-voiture/target/agence-adam-location-de-voiture-0.0.1-SNAPSHOT.jar!/BOOT-INF/classes!/dz/agenceadam/locationvoiture/repository/RoleRepository.class]
2018-06-29 17:58:29.587 DEBUG 27918 --- [           main] .s.d.r.c.RepositoryConfigurationDelegate : Spring Data JPA - Registering repository: userRepository - Interface: dz.agenceadam.locationvoiture.repository.UserRepository - Factory: org.springframework.data.jpa.repository.support.JpaRepositoryFactoryBean
2018-06-29 17:58:29.603 DEBUG 27918 --- [           main] .s.d.r.c.RepositoryBeanDefinitionBuilder : Registering custom repository implementation: voitureRepositoryImpl dz.agenceadam.locationvoiture.repository.impl.VoitureRepositoryImpl
2018-06-29 17:58:29.604 DEBUG 27918 --- [           main] .s.d.r.c.RepositoryConfigurationDelegate : Spring Data JPA - Registering repository: voitureRepository - Interface: dz.agenceadam.locationvoiture.repository.VoitureRepository - Factory: org.springframework.data.jpa.repository.support.JpaRepositoryFactoryBean
2018-06-29 17:58:29.615 DEBUG 27918 --- [           main] .s.d.r.c.RepositoryBeanDefinitionBuilder : Registering custom repository implementation: clientRepositoryImpl dz.agenceadam.locationvoiture.repository.impl.ClientRepositoryImpl
2018-06-29 17:58:29.616 DEBUG 27918 --- [           main] .s.d.r.c.RepositoryConfigurationDelegate : Spring Data JPA - Registering repository: clientRepository - Interface: dz.agenceadam.locationvoiture.repository.ClientRepository - Factory: org.springframework.data.jpa.repository.support.JpaRepositoryFactoryBean
2018-06-29 17:58:29.626 DEBUG 27918 --- [           main] .s.d.r.c.RepositoryConfigurationDelegate : Spring Data JPA - Registering repository: roleRepository - Interface: dz.agenceadam.locationvoiture.repository.RoleRepository - Factory: org.springframework.data.jpa.repository.support.JpaRepositoryFactoryBean
2018-06-29 17:58:39.691 DEBUG 27918 --- [ost-startStop-1] o.s.d.j.r.query.JpaQueryFactory          : Looking up query for method getByUserName
2018-06-29 17:58:39.697 DEBUG 27918 --- [ost-startStop-1] o.s.d.jpa.repository.query.NamedQuery    : Looking up named query User.getByUserName
2018-06-29 17:58:39.700 DEBUG 27918 --- [ost-startStop-1] o.s.d.jpa.repository.query.NamedQuery    : Did not find named query User.getByUserName
2018-06-29 17:58:40.606 DEBUG 27918 --- [           main] o.s.d.j.r.query.JpaQueryFactory          : Looking up query for method findByNomAndPrenomAndDateDeNaissance
Hibernate: select user0_.pk_id as pk_id1_2_, user0_.password as password2_2_, user0_.user_name as user_nam3_2_ from tb_user user0_ where user0_.user_name=?
Hibernate: select roles0_.user_pk_id as user_pk_1_3_0_, roles0_.roles_pk_id as roles_pk2_3_0_, role1_.pk_id as pk_id1_1_1_, role1_.role_name as role_nam2_1_1_ from tb_user_roles roles0_ inner join tb_role role1_ on roles0_.roles_pk_id=role1_.pk_id where roles0_.user_pk_id=?
Hibernate: select client0_.pk_id as pk_id1_0_, client0_.actived as actived2_0_, client0_.adresse as adresse3_0_, client0_.client_bloque as client_b4_0_, client0_.date_de_naissance as date_de_5_0_, client0_.date_obtention_passport as date_obt6_0_, client0_.date_obtention_permis as date_obt7_0_, client0_.email as email8_0_, client0_.endette as endette9_0_, client0_.lieu_obtention_passeport as lieu_ob10_0_, client0_.lieu_obtention_permis as lieu_ob11_0_, client0_.nom as nom12_0_, client0_.note as note13_0_, client0_.num_tel_two as num_tel14_0_, client0_.nume_tel_one as nume_te15_0_, client0_.numero_de_permis as numero_16_0_, client0_.numero_passeport as numero_17_0_, client0_.observation as observa18_0_, client0_.prenom as prenom19_0_, client0_.somme_dette as somme_d20_0_, client0_.type_client as type_cl21_0_, client0_.fk_user as fk_user22_0_ from tb_client client0_ where client0_.actived=1
Hibernate: select user0_.pk_id as pk_id1_2_, user0_.password as password2_2_, user0_.user_name as user_nam3_2_ from tb_user user0_ where user0_.user_name=?
Hibernate: select roles0_.user_pk_id as user_pk_1_3_0_, roles0_.roles_pk_id as roles_pk2_3_0_, role1_.pk_id as pk_id1_1_1_, role1_.role_name as role_nam2_1_1_ from tb_user_roles roles0_ inner join tb_role role1_ on roles0_.roles_pk_id=role1_.pk_id where roles0_.user_pk_id=?
Hibernate: select client0_.pk_id as pk_id1_0_, client0_.actived as actived2_0_, client0_.adresse as adresse3_0_, client0_.client_bloque as client_b4_0_, client0_.date_de_naissance as date_de_5_0_, client0_.date_obtention_passport as date_obt6_0_, client0_.date_obtention_permis as date_obt7_0_, client0_.email as email8_0_, client0_.endette as endette9_0_, client0_.lieu_obtention_passeport as lieu_ob10_0_, client0_.lieu_obtention_permis as lieu_ob11_0_, client0_.nom as nom12_0_, client0_.note as note13_0_, client0_.num_tel_two as num_tel14_0_, client0_.nume_tel_one as nume_te15_0_, client0_.numero_de_permis as numero_16_0_, client0_.numero_passeport as numero_17_0_, client0_.observation as observa18_0_, client0_.prenom as prenom19_0_, client0_.somme_dette as somme_d20_0_, client0_.type_client as type_cl21_0_, client0_.fk_user as fk_user22_0_ from tb_client client0_ where client0_.actived=1
Hibernate: select client0_.pk_id as pk_id1_0_, client0_.actived as actived2_0_, client0_.adresse as adresse3_0_, client0_.client_bloque as client_b4_0_, client0_.date_de_naissance as date_de_5_0_, client0_.date_obtention_passport as date_obt6_0_, client0_.date_obtention_permis as date_obt7_0_, client0_.email as email8_0_, client0_.endette as endette9_0_, client0_.lieu_obtention_passeport as lieu_ob10_0_, client0_.lieu_obtention_permis as lieu_ob11_0_, client0_.nom as nom12_0_, client0_.note as note13_0_, client0_.num_tel_two as num_tel14_0_, client0_.nume_tel_one as nume_te15_0_, client0_.numero_de_permis as numero_16_0_, client0_.numero_passeport as numero_17_0_, client0_.observation as observa18_0_, client0_.prenom as prenom19_0_, client0_.somme_dette as somme_d20_0_, client0_.type_client as type_cl21_0_, client0_.fk_user as fk_user22_0_ from tb_client client0_ where client0_.actived=1
Hibernate: select client0_.pk_id as pk_id1_0_, client0_.actived as actived2_0_, client0_.adresse as adresse3_0_, client0_.client_bloque as client_b4_0_, client0_.date_de_naissance as date_de_5_0_, client0_.date_obtention_passport as date_obt6_0_, client0_.date_obtention_permis as date_obt7_0_, client0_.email as email8_0_, client0_.endette as endette9_0_, client0_.lieu_obtention_passeport as lieu_ob10_0_, client0_.lieu_obtention_permis as lieu_ob11_0_, client0_.nom as nom12_0_, client0_.note as note13_0_, client0_.num_tel_two as num_tel14_0_, client0_.nume_tel_one as nume_te15_0_, client0_.numero_de_permis as numero_16_0_, client0_.numero_passeport as numero_17_0_, client0_.observation as observa18_0_, client0_.prenom as prenom19_0_, client0_.somme_dette as somme_d20_0_, client0_.type_client as type_cl21_0_, client0_.fk_user as fk_user22_0_ from tb_client client0_ where client0_.actived=1
Hibernate: select user0_.pk_id as pk_id1_2_, user0_.password as password2_2_, user0_.user_name as user_nam3_2_ from tb_user user0_ where user0_.user_name=?
Hibernate: select roles0_.user_pk_id as user_pk_1_3_0_, roles0_.roles_pk_id as roles_pk2_3_0_, role1_.pk_id as pk_id1_1_1_, role1_.role_name as role_nam2_1_1_ from tb_user_roles roles0_ inner join tb_role role1_ on roles0_.roles_pk_id=role1_.pk_id where roles0_.user_pk_id=?
Hibernate: select client0_.pk_id as pk_id1_0_, client0_.actived as actived2_0_, client0_.adresse as adresse3_0_, client0_.client_bloque as client_b4_0_, client0_.date_de_naissance as date_de_5_0_, client0_.date_obtention_passport as date_obt6_0_, client0_.date_obtention_permis as date_obt7_0_, client0_.email as email8_0_, client0_.endette as endette9_0_, client0_.lieu_obtention_passeport as lieu_ob10_0_, client0_.lieu_obtention_permis as lieu_ob11_0_, client0_.nom as nom12_0_, client0_.note as note13_0_, client0_.num_tel_two as num_tel14_0_, client0_.nume_tel_one as nume_te15_0_, client0_.numero_de_permis as numero_16_0_, client0_.numero_passeport as numero_17_0_, client0_.observation as observa18_0_, client0_.prenom as prenom19_0_, client0_.somme_dette as somme_d20_0_, client0_.type_client as type_cl21_0_, client0_.fk_user as fk_user22_0_ from tb_client client0_ where client0_.actived=1
Hibernate: select client0_.pk_id as pk_id1_0_, client0_.actived as actived2_0_, client0_.adresse as adresse3_0_, client0_.client_bloque as client_b4_0_, client0_.date_de_naissance as date_de_5_0_, client0_.date_obtention_passport as date_obt6_0_, client0_.date_obtention_permis as date_obt7_0_, client0_.email as email8_0_, client0_.endette as endette9_0_, client0_.lieu_obtention_passeport as lieu_ob10_0_, client0_.lieu_obtention_permis as lieu_ob11_0_, client0_.nom as nom12_0_, client0_.note as note13_0_, client0_.num_tel_two as num_tel14_0_, client0_.nume_tel_one as nume_te15_0_, client0_.numero_de_permis as numero_16_0_, client0_.numero_passeport as numero_17_0_, client0_.observation as observa18_0_, client0_.prenom as prenom19_0_, client0_.somme_dette as somme_d20_0_, client0_.type_client as type_cl21_0_, client0_.fk_user as fk_user22_0_ from tb_client client0_ where client0_.actived=1
Hibernate: select user0_.pk_id as pk_id1_2_, user0_.password as password2_2_, user0_.user_name as user_nam3_2_ from tb_user user0_ where user0_.user_name=?
Hibernate: select roles0_.user_pk_id as user_pk_1_3_0_, roles0_.roles_pk_id as roles_pk2_3_0_, role1_.pk_id as pk_id1_1_1_, role1_.role_name as role_nam2_1_1_ from tb_user_roles roles0_ inner join tb_role role1_ on roles0_.roles_pk_id=role1_.pk_id where roles0_.user_pk_id=?
Hibernate: select client0_.pk_id as pk_id1_0_, client0_.actived as actived2_0_, client0_.adresse as adresse3_0_, client0_.client_bloque as client_b4_0_, client0_.date_de_naissance as date_de_5_0_, client0_.date_obtention_passport as date_obt6_0_, client0_.date_obtention_permis as date_obt7_0_, client0_.email as email8_0_, client0_.endette as endette9_0_, client0_.lieu_obtention_passeport as lieu_ob10_0_, client0_.lieu_obtention_permis as lieu_ob11_0_, client0_.nom as nom12_0_, client0_.note as note13_0_, client0_.num_tel_two as num_tel14_0_, client0_.nume_tel_one as nume_te15_0_, client0_.numero_de_permis as numero_16_0_, client0_.numero_passeport as numero_17_0_, client0_.observation as observa18_0_, client0_.prenom as prenom19_0_, client0_.somme_dette as somme_d20_0_, client0_.type_client as type_cl21_0_, client0_.fk_user as fk_user22_0_ from tb_client client0_ where client0_.actived=1
Hibernate: select client0_.pk_id as pk_id1_0_, client0_.actived as actived2_0_, client0_.adresse as adresse3_0_, client0_.client_bloque as client_b4_0_, client0_.date_de_naissance as date_de_5_0_, client0_.date_obtention_passport as date_obt6_0_, client0_.date_obtention_permis as date_obt7_0_, client0_.email as email8_0_, client0_.endette as endette9_0_, client0_.lieu_obtention_passeport as lieu_ob10_0_, client0_.lieu_obtention_permis as lieu_ob11_0_, client0_.nom as nom12_0_, client0_.note as note13_0_, client0_.num_tel_two as num_tel14_0_, client0_.nume_tel_one as nume_te15_0_, client0_.numero_de_permis as numero_16_0_, client0_.numero_passeport as numero_17_0_, client0_.observation as observa18_0_, client0_.prenom as prenom19_0_, client0_.somme_dette as somme_d20_0_, client0_.type_client as type_cl21_0_, client0_.fk_user as fk_user22_0_ from tb_client client0_ where client0_.actived=1
Hibernate: select client0_.pk_id as pk_id1_0_, client0_.actived as actived2_0_, client0_.adresse as adresse3_0_, client0_.client_bloque as client_b4_0_, client0_.date_de_naissance as date_de_5_0_, client0_.date_obtention_passport as date_obt6_0_, client0_.date_obtention_permis as date_obt7_0_, client0_.email as email8_0_, client0_.endette as endette9_0_, client0_.lieu_obtention_passeport as lieu_ob10_0_, client0_.lieu_obtention_permis as lieu_ob11_0_, client0_.nom as nom12_0_, client0_.note as note13_0_, client0_.num_tel_two as num_tel14_0_, client0_.nume_tel_one as nume_te15_0_, client0_.numero_de_permis as numero_16_0_, client0_.numero_passeport as numero_17_0_, client0_.observation as observa18_0_, client0_.prenom as prenom19_0_, client0_.somme_dette as somme_d20_0_, client0_.type_client as type_cl21_0_, client0_.fk_user as fk_user22_0_ from tb_client client0_ where client0_.actived=1
Hibernate: select client0_.pk_id as pk_id1_0_, client0_.actived as actived2_0_, client0_.adresse as adresse3_0_, client0_.client_bloque as client_b4_0_, client0_.date_de_naissance as date_de_5_0_, client0_.date_obtention_passport as date_obt6_0_, client0_.date_obtention_permis as date_obt7_0_, client0_.email as email8_0_, client0_.endette as endette9_0_, client0_.lieu_obtention_passeport as lieu_ob10_0_, client0_.lieu_obtention_permis as lieu_ob11_0_, client0_.nom as nom12_0_, client0_.note as note13_0_, client0_.num_tel_two as num_tel14_0_, client0_.nume_tel_one as nume_te15_0_, client0_.numero_de_permis as numero_16_0_, client0_.numero_passeport as numero_17_0_, client0_.observation as observa18_0_, client0_.prenom as prenom19_0_, client0_.somme_dette as somme_d20_0_, client0_.type_client as type_cl21_0_, client0_.fk_user as fk_user22_0_ from tb_client client0_ where client0_.actived=1
Hibernate: select client0_.pk_id as pk_id1_0_, client0_.actived as actived2_0_, client0_.adresse as adresse3_0_, client0_.client_bloque as client_b4_0_, client0_.date_de_naissance as date_de_5_0_, client0_.date_obtention_passport as date_obt6_0_, client0_.date_obtention_permis as date_obt7_0_, client0_.email as email8_0_, client0_.endette as endette9_0_, client0_.lieu_obtention_passeport as lieu_ob10_0_, client0_.lieu_obtention_permis as lieu_ob11_0_, client0_.nom as nom12_0_, client0_.note as note13_0_, client0_.num_tel_two as num_tel14_0_, client0_.nume_tel_one as nume_te15_0_, client0_.numero_de_permis as numero_16_0_, client0_.numero_passeport as numero_17_0_, client0_.observation as observa18_0_, client0_.prenom as prenom19_0_, client0_.somme_dette as somme_d20_0_, client0_.type_client as type_cl21_0_, client0_.fk_user as fk_user22_0_ from tb_client client0_ where client0_.actived=1
Hibernate: select client0_.pk_id as pk_id1_0_, client0_.actived as actived2_0_, client0_.adresse as adresse3_0_, client0_.client_bloque as client_b4_0_, client0_.date_de_naissance as date_de_5_0_, client0_.date_obtention_passport as date_obt6_0_, client0_.date_obtention_permis as date_obt7_0_, client0_.email as email8_0_, client0_.endette as endette9_0_, client0_.lieu_obtention_passeport as lieu_ob10_0_, client0_.lieu_obtention_permis as lieu_ob11_0_, client0_.nom as nom12_0_, client0_.note as note13_0_, client0_.num_tel_two as num_tel14_0_, client0_.nume_tel_one as nume_te15_0_, client0_.numero_de_permis as numero_16_0_, client0_.numero_passeport as numero_17_0_, client0_.observation as observa18_0_, client0_.prenom as prenom19_0_, client0_.somme_dette as somme_d20_0_, client0_.type_client as type_cl21_0_, client0_.fk_user as fk_user22_0_ from tb_client client0_ where client0_.actived=1
Hibernate: select client0_.pk_id as pk_id1_0_, client0_.actived as actived2_0_, client0_.adresse as adresse3_0_, client0_.client_bloque as client_b4_0_, client0_.date_de_naissance as date_de_5_0_, client0_.date_obtention_passport as date_obt6_0_, client0_.date_obtention_permis as date_obt7_0_, client0_.email as email8_0_, client0_.endette as endette9_0_, client0_.lieu_obtention_passeport as lieu_ob10_0_, client0_.lieu_obtention_permis as lieu_ob11_0_, client0_.nom as nom12_0_, client0_.note as note13_0_, client0_.num_tel_two as num_tel14_0_, client0_.nume_tel_one as nume_te15_0_, client0_.numero_de_permis as numero_16_0_, client0_.numero_passeport as numero_17_0_, client0_.observation as observa18_0_, client0_.prenom as prenom19_0_, client0_.somme_dette as somme_d20_0_, client0_.type_client as type_cl21_0_, client0_.fk_user as fk_user22_0_ from tb_client client0_ where client0_.actived=1
Hibernate: select client0_.pk_id as pk_id1_0_, client0_.actived as actived2_0_, client0_.adresse as adresse3_0_, client0_.client_bloque as client_b4_0_, client0_.date_de_naissance as date_de_5_0_, client0_.date_obtention_passport as date_obt6_0_, client0_.date_obtention_permis as date_obt7_0_, client0_.email as email8_0_, client0_.endette as endette9_0_, client0_.lieu_obtention_passeport as lieu_ob10_0_, client0_.lieu_obtention_permis as lieu_ob11_0_, client0_.nom as nom12_0_, client0_.note as note13_0_, client0_.num_tel_two as num_tel14_0_, client0_.nume_tel_one as nume_te15_0_, client0_.numero_de_permis as numero_16_0_, client0_.numero_passeport as numero_17_0_, client0_.observation as observa18_0_, client0_.prenom as prenom19_0_, client0_.somme_dette as somme_d20_0_, client0_.type_client as type_cl21_0_, client0_.fk_user as fk_user22_0_ from tb_client client0_ where client0_.actived=1
Hibernate: select client0_.pk_id as pk_id1_0_, client0_.actived as actived2_0_, client0_.adresse as adresse3_0_, client0_.client_bloque as client_b4_0_, client0_.date_de_naissance as date_de_5_0_, client0_.date_obtention_passport as date_obt6_0_, client0_.date_obtention_permis as date_obt7_0_, client0_.email as email8_0_, client0_.endette as endette9_0_, client0_.lieu_obtention_passeport as lieu_ob10_0_, client0_.lieu_obtention_permis as lieu_ob11_0_, client0_.nom as nom12_0_, client0_.note as note13_0_, client0_.num_tel_two as num_tel14_0_, client0_.nume_tel_one as nume_te15_0_, client0_.numero_de_permis as numero_16_0_, client0_.numero_passeport as numero_17_0_, client0_.observation as observa18_0_, client0_.prenom as prenom19_0_, client0_.somme_dette as somme_d20_0_, client0_.type_client as type_cl21_0_, client0_.fk_user as fk_user22_0_ from tb_client client0_ where client0_.actived=1
Hibernate: select client0_.pk_id as pk_id1_0_, client0_.actived as actived2_0_, client0_.adresse as adresse3_0_, client0_.client_bloque as client_b4_0_, client0_.date_de_naissance as date_de_5_0_, client0_.date_obtention_passport as date_obt6_0_, client0_.date_obtention_permis as date_obt7_0_, client0_.email as email8_0_, client0_.endette as endette9_0_, client0_.lieu_obtention_passeport as lieu_ob10_0_, client0_.lieu_obtention_permis as lieu_ob11_0_, client0_.nom as nom12_0_, client0_.note as note13_0_, client0_.num_tel_two as num_tel14_0_, client0_.nume_tel_one as nume_te15_0_, client0_.numero_de_permis as numero_16_0_, client0_.numero_passeport as numero_17_0_, client0_.observation as observa18_0_, client0_.prenom as prenom19_0_, client0_.somme_dette as somme_d20_0_, client0_.type_client as type_cl21_0_, client0_.fk_user as fk_user22_0_ from tb_client client0_ where client0_.actived=1
Hibernate: select client0_.pk_id as pk_id1_0_, client0_.actived as actived2_0_, client0_.adresse as adresse3_0_, client0_.client_bloque as client_b4_0_, client0_.date_de_naissance as date_de_5_0_, client0_.date_obtention_passport as date_obt6_0_, client0_.date_obtention_permis as date_obt7_0_, client0_.email as email8_0_, client0_.endette as endette9_0_, client0_.lieu_obtention_passeport as lieu_ob10_0_, client0_.lieu_obtention_permis as lieu_ob11_0_, client0_.nom as nom12_0_, client0_.note as note13_0_, client0_.num_tel_two as num_tel14_0_, client0_.nume_tel_one as nume_te15_0_, client0_.numero_de_permis as numero_16_0_, client0_.numero_passeport as numero_17_0_, client0_.observation as observa18_0_, client0_.prenom as prenom19_0_, client0_.somme_dette as somme_d20_0_, client0_.type_client as type_cl21_0_, client0_.fk_user as fk_user22_0_ from tb_client client0_ where client0_.actived=1
Hibernate: select client0_.pk_id as pk_id1_0_, client0_.actived as actived2_0_, client0_.adresse as adresse3_0_, client0_.client_bloque as client_b4_0_, client0_.date_de_naissance as date_de_5_0_, client0_.date_obtention_passport as date_obt6_0_, client0_.date_obtention_permis as date_obt7_0_, client0_.email as email8_0_, client0_.endette as endette9_0_, client0_.lieu_obtention_passeport as lieu_ob10_0_, client0_.lieu_obtention_permis as lieu_ob11_0_, client0_.nom as nom12_0_, client0_.note as note13_0_, client0_.num_tel_two as num_tel14_0_, client0_.nume_tel_one as nume_te15_0_, client0_.numero_de_permis as numero_16_0_, client0_.numero_passeport as numero_17_0_, client0_.observation as observa18_0_, client0_.prenom as prenom19_0_, client0_.somme_dette as somme_d20_0_, client0_.type_client as type_cl21_0_, client0_.fk_user as fk_user22_0_ from tb_client client0_ where client0_.actived=1
Hibernate: select client0_.pk_id as pk_id1_0_, client0_.actived as actived2_0_, client0_.adresse as adresse3_0_, client0_.client_bloque as client_b4_0_, client0_.date_de_naissance as date_de_5_0_, client0_.date_obtention_passport as date_obt6_0_, client0_.date_obtention_permis as date_obt7_0_, client0_.email as email8_0_, client0_.endette as endette9_0_, client0_.lieu_obtention_passeport as lieu_ob10_0_, client0_.lieu_obtention_permis as lieu_ob11_0_, client0_.nom as nom12_0_, client0_.note as note13_0_, client0_.num_tel_two as num_tel14_0_, client0_.nume_tel_one as nume_te15_0_, client0_.numero_de_permis as numero_16_0_, client0_.numero_passeport as numero_17_0_, client0_.observation as observa18_0_, client0_.prenom as prenom19_0_, client0_.somme_dette as somme_d20_0_, client0_.type_client as type_cl21_0_, client0_.fk_user as fk_user22_0_ from tb_client client0_ where client0_.actived=1
Hibernate: select client0_.pk_id as pk_id1_0_, client0_.actived as actived2_0_, client0_.adresse as adresse3_0_, client0_.client_bloque as client_b4_0_, client0_.date_de_naissance as date_de_5_0_, client0_.date_obtention_passport as date_obt6_0_, client0_.date_obtention_permis as date_obt7_0_, client0_.email as email8_0_, client0_.endette as endette9_0_, client0_.lieu_obtention_passeport as lieu_ob10_0_, client0_.lieu_obtention_permis as lieu_ob11_0_, client0_.nom as nom12_0_, client0_.note as note13_0_, client0_.num_tel_two as num_tel14_0_, client0_.nume_tel_one as nume_te15_0_, client0_.numero_de_permis as numero_16_0_, client0_.numero_passeport as numero_17_0_, client0_.observation as observa18_0_, client0_.prenom as prenom19_0_, client0_.somme_dette as somme_d20_0_, client0_.type_client as type_cl21_0_, client0_.fk_user as fk_user22_0_ from tb_client client0_ where client0_.actived=1
Hibernate: select client0_.pk_id as pk_id1_0_, client0_.actived as actived2_0_, client0_.adresse as adresse3_0_, client0_.client_bloque as client_b4_0_, client0_.date_de_naissance as date_de_5_0_, client0_.date_obtention_passport as date_obt6_0_, client0_.date_obtention_permis as date_obt7_0_, client0_.email as email8_0_, client0_.endette as endette9_0_, client0_.lieu_obtention_passeport as lieu_ob10_0_, client0_.lieu_obtention_permis as lieu_ob11_0_, client0_.nom as nom12_0_, client0_.note as note13_0_, client0_.num_tel_two as num_tel14_0_, client0_.nume_tel_one as nume_te15_0_, client0_.numero_de_permis as numero_16_0_, client0_.numero_passeport as numero_17_0_, client0_.observation as observa18_0_, client0_.prenom as prenom19_0_, client0_.somme_dette as somme_d20_0_, client0_.type_client as type_cl21_0_, client0_.fk_user as fk_user22_0_ from tb_client client0_ where client0_.actived=1
Hibernate: select client0_.pk_id as pk_id1_0_, client0_.actived as actived2_0_, client0_.adresse as adresse3_0_, client0_.client_bloque as client_b4_0_, client0_.date_de_naissance as date_de_5_0_, client0_.date_obtention_passport as date_obt6_0_, client0_.date_obtention_permis as date_obt7_0_, client0_.email as email8_0_, client0_.endette as endette9_0_, client0_.lieu_obtention_passeport as lieu_ob10_0_, client0_.lieu_obtention_permis as lieu_ob11_0_, client0_.nom as nom12_0_, client0_.note as note13_0_, client0_.num_tel_two as num_tel14_0_, client0_.nume_tel_one as nume_te15_0_, client0_.numero_de_permis as numero_16_0_, client0_.numero_passeport as numero_17_0_, client0_.observation as observa18_0_, client0_.prenom as prenom19_0_, client0_.somme_dette as somme_d20_0_, client0_.type_client as type_cl21_0_, client0_.fk_user as fk_user22_0_ from tb_client client0_ where client0_.actived=1
Hibernate: select client0_.pk_id as pk_id1_0_, client0_.actived as actived2_0_, client0_.adresse as adresse3_0_, client0_.client_bloque as client_b4_0_, client0_.date_de_naissance as date_de_5_0_, client0_.date_obtention_passport as date_obt6_0_, client0_.date_obtention_permis as date_obt7_0_, client0_.email as email8_0_, client0_.endette as endette9_0_, client0_.lieu_obtention_passeport as lieu_ob10_0_, client0_.lieu_obtention_permis as lieu_ob11_0_, client0_.nom as nom12_0_, client0_.note as note13_0_, client0_.num_tel_two as num_tel14_0_, client0_.nume_tel_one as nume_te15_0_, client0_.numero_de_permis as numero_16_0_, client0_.numero_passeport as numero_17_0_, client0_.observation as observa18_0_, client0_.prenom as prenom19_0_, client0_.somme_dette as somme_d20_0_, client0_.type_client as type_cl21_0_, client0_.fk_user as fk_user22_0_ from tb_client client0_ where client0_.actived=1
Hibernate: select client0_.pk_id as pk_id1_0_, client0_.actived as actived2_0_, client0_.adresse as adresse3_0_, client0_.client_bloque as client_b4_0_, client0_.date_de_naissance as date_de_5_0_, client0_.date_obtention_passport as date_obt6_0_, client0_.date_obtention_permis as date_obt7_0_, client0_.email as email8_0_, client0_.endette as endette9_0_, client0_.lieu_obtention_passeport as lieu_ob10_0_, client0_.lieu_obtention_permis as lieu_ob11_0_, client0_.nom as nom12_0_, client0_.note as note13_0_, client0_.num_tel_two as num_tel14_0_, client0_.nume_tel_one as nume_te15_0_, client0_.numero_de_permis as numero_16_0_, client0_.numero_passeport as numero_17_0_, client0_.observation as observa18_0_, client0_.prenom as prenom19_0_, client0_.somme_dette as somme_d20_0_, client0_.type_client as type_cl21_0_, client0_.fk_user as fk_user22_0_ from tb_client client0_ where client0_.actived=1
Hibernate: select client0_.pk_id as pk_id1_0_, client0_.actived as actived2_0_, client0_.adresse as adresse3_0_, client0_.client_bloque as client_b4_0_, client0_.date_de_naissance as date_de_5_0_, client0_.date_obtention_passport as date_obt6_0_, client0_.date_obtention_permis as date_obt7_0_, client0_.email as email8_0_, client0_.endette as endette9_0_, client0_.lieu_obtention_passeport as lieu_ob10_0_, client0_.lieu_obtention_permis as lieu_ob11_0_, client0_.nom as nom12_0_, client0_.note as note13_0_, client0_.num_tel_two as num_tel14_0_, client0_.nume_tel_one as nume_te15_0_, client0_.numero_de_permis as numero_16_0_, client0_.numero_passeport as numero_17_0_, client0_.observation as observa18_0_, client0_.prenom as prenom19_0_, client0_.somme_dette as somme_d20_0_, client0_.type_client as type_cl21_0_, client0_.fk_user as fk_user22_0_ from tb_client client0_ where client0_.actived=1
Hibernate: select client0_.pk_id as pk_id1_0_, client0_.actived as actived2_0_, client0_.adresse as adresse3_0_, client0_.client_bloque as client_b4_0_, client0_.date_de_naissance as date_de_5_0_, client0_.date_obtention_passport as date_obt6_0_, client0_.date_obtention_permis as date_obt7_0_, client0_.email as email8_0_, client0_.endette as endette9_0_, client0_.lieu_obtention_passeport as lieu_ob10_0_, client0_.lieu_obtention_permis as lieu_ob11_0_, client0_.nom as nom12_0_, client0_.note as note13_0_, client0_.num_tel_two as num_tel14_0_, client0_.nume_tel_one as nume_te15_0_, client0_.numero_de_permis as numero_16_0_, client0_.numero_passeport as numero_17_0_, client0_.observation as observa18_0_, client0_.prenom as prenom19_0_, client0_.somme_dette as somme_d20_0_, client0_.type_client as type_cl21_0_, client0_.fk_user as fk_user22_0_ from tb_client client0_ where client0_.actived=1
Hibernate: select client0_.pk_id as pk_id1_0_, client0_.actived as actived2_0_, client0_.adresse as adresse3_0_, client0_.client_bloque as client_b4_0_, client0_.date_de_naissance as date_de_5_0_, client0_.date_obtention_passport as date_obt6_0_, client0_.date_obtention_permis as date_obt7_0_, client0_.email as email8_0_, client0_.endette as endette9_0_, client0_.lieu_obtention_passeport as lieu_ob10_0_, client0_.lieu_obtention_permis as lieu_ob11_0_, client0_.nom as nom12_0_, client0_.note as note13_0_, client0_.num_tel_two as num_tel14_0_, client0_.nume_tel_one as nume_te15_0_, client0_.numero_de_permis as numero_16_0_, client0_.numero_passeport as numero_17_0_, client0_.observation as observa18_0_, client0_.prenom as prenom19_0_, client0_.somme_dette as somme_d20_0_, client0_.type_client as type_cl21_0_, client0_.fk_user as fk_user22_0_ from tb_client client0_ where client0_.actived=1
Hibernate: select client0_.pk_id as pk_id1_0_, client0_.actived as actived2_0_, client0_.adresse as adresse3_0_, client0_.client_bloque as client_b4_0_, client0_.date_de_naissance as date_de_5_0_, client0_.date_obtention_passport as date_obt6_0_, client0_.date_obtention_permis as date_obt7_0_, client0_.email as email8_0_, client0_.endette as endette9_0_, client0_.lieu_obtention_passeport as lieu_ob10_0_, client0_.lieu_obtention_permis as lieu_ob11_0_, client0_.nom as nom12_0_, client0_.note as note13_0_, client0_.num_tel_two as num_tel14_0_, client0_.nume_tel_one as nume_te15_0_, client0_.numero_de_permis as numero_16_0_, client0_.numero_passeport as numero_17_0_, client0_.observation as observa18_0_, client0_.prenom as prenom19_0_, client0_.somme_dette as somme_d20_0_, client0_.type_client as type_cl21_0_, client0_.fk_user as fk_user22_0_ from tb_client client0_ where client0_.actived=1
Hibernate: select client0_.pk_id as pk_id1_0_, client0_.actived as actived2_0_, client0_.adresse as adresse3_0_, client0_.client_bloque as client_b4_0_, client0_.date_de_naissance as date_de_5_0_, client0_.date_obtention_passport as date_obt6_0_, client0_.date_obtention_permis as date_obt7_0_, client0_.email as email8_0_, client0_.endette as endette9_0_, client0_.lieu_obtention_passeport as lieu_ob10_0_, client0_.lieu_obtention_permis as lieu_ob11_0_, client0_.nom as nom12_0_, client0_.note as note13_0_, client0_.num_tel_two as num_tel14_0_, client0_.nume_tel_one as nume_te15_0_, client0_.numero_de_permis as numero_16_0_, client0_.numero_passeport as numero_17_0_, client0_.observation as observa18_0_, client0_.prenom as prenom19_0_, client0_.somme_dette as somme_d20_0_, client0_.type_client as type_cl21_0_, client0_.fk_user as fk_user22_0_ from tb_client client0_ where client0_.actived=1
Hibernate: select client0_.pk_id as pk_id1_0_, client0_.actived as actived2_0_, client0_.adresse as adresse3_0_, client0_.client_bloque as client_b4_0_, client0_.date_de_naissance as date_de_5_0_, client0_.date_obtention_passport as date_obt6_0_, client0_.date_obtention_permis as date_obt7_0_, client0_.email as email8_0_, client0_.endette as endette9_0_, client0_.lieu_obtention_passeport as lieu_ob10_0_, client0_.lieu_obtention_permis as lieu_ob11_0_, client0_.nom as nom12_0_, client0_.note as note13_0_, client0_.num_tel_two as num_tel14_0_, client0_.nume_tel_one as nume_te15_0_, client0_.numero_de_permis as numero_16_0_, client0_.numero_passeport as numero_17_0_, client0_.observation as observa18_0_, client0_.prenom as prenom19_0_, client0_.somme_dette as somme_d20_0_, client0_.type_client as type_cl21_0_, client0_.fk_user as fk_user22_0_ from tb_client client0_ where client0_.actived=1
Hibernate: select client0_.pk_id as pk_id1_0_, client0_.actived as actived2_0_, client0_.adresse as adresse3_0_, client0_.client_bloque as client_b4_0_, client0_.date_de_naissance as date_de_5_0_, client0_.date_obtention_passport as date_obt6_0_, client0_.date_obtention_permis as date_obt7_0_, client0_.email as email8_0_, client0_.endette as endette9_0_, client0_.lieu_obtention_passeport as lieu_ob10_0_, client0_.lieu_obtention_permis as lieu_ob11_0_, client0_.nom as nom12_0_, client0_.note as note13_0_, client0_.num_tel_two as num_tel14_0_, client0_.nume_tel_one as nume_te15_0_, client0_.numero_de_permis as numero_16_0_, client0_.numero_passeport as numero_17_0_, client0_.observation as observa18_0_, client0_.prenom as prenom19_0_, client0_.somme_dette as somme_d20_0_, client0_.type_client as type_cl21_0_, client0_.fk_user as fk_user22_0_ from tb_client client0_ where client0_.actived=1
Hibernate: select client0_.pk_id as pk_id1_0_, client0_.actived as actived2_0_, client0_.adresse as adresse3_0_, client0_.client_bloque as client_b4_0_, client0_.date_de_naissance as date_de_5_0_, client0_.date_obtention_passport as date_obt6_0_, client0_.date_obtention_permis as date_obt7_0_, client0_.email as email8_0_, client0_.endette as endette9_0_, client0_.lieu_obtention_passeport as lieu_ob10_0_, client0_.lieu_obtention_permis as lieu_ob11_0_, client0_.nom as nom12_0_, client0_.note as note13_0_, client0_.num_tel_two as num_tel14_0_, client0_.nume_tel_one as nume_te15_0_, client0_.numero_de_permis as numero_16_0_, client0_.numero_passeport as numero_17_0_, client0_.observation as observa18_0_, client0_.prenom as prenom19_0_, client0_.somme_dette as somme_d20_0_, client0_.type_client as type_cl21_0_, client0_.fk_user as fk_user22_0_ from tb_client client0_ where client0_.actived=1
Hibernate: select client0_.pk_id as pk_id1_0_, client0_.actived as actived2_0_, client0_.adresse as adresse3_0_, client0_.client_bloque as client_b4_0_, client0_.date_de_naissance as date_de_5_0_, client0_.date_obtention_passport as date_obt6_0_, client0_.date_obtention_permis as date_obt7_0_, client0_.email as email8_0_, client0_.endette as endette9_0_, client0_.lieu_obtention_passeport as lieu_ob10_0_, client0_.lieu_obtention_permis as lieu_ob11_0_, client0_.nom as nom12_0_, client0_.note as note13_0_, client0_.num_tel_two as num_tel14_0_, client0_.nume_tel_one as nume_te15_0_, client0_.numero_de_permis as numero_16_0_, client0_.numero_passeport as numero_17_0_, client0_.observation as observa18_0_, client0_.prenom as prenom19_0_, client0_.somme_dette as somme_d20_0_, client0_.type_client as type_cl21_0_, client0_.fk_user as fk_user22_0_ from tb_client client0_ where client0_.actived=1
Hibernate: select client0_.pk_id as pk_id1_0_, client0_.actived as actived2_0_, client0_.adresse as adresse3_0_, client0_.client_bloque as client_b4_0_, client0_.date_de_naissance as date_de_5_0_, client0_.date_obtention_passport as date_obt6_0_, client0_.date_obtention_permis as date_obt7_0_, client0_.email as email8_0_, client0_.endette as endette9_0_, client0_.lieu_obtention_passeport as lieu_ob10_0_, client0_.lieu_obtention_permis as lieu_ob11_0_, client0_.nom as nom12_0_, client0_.note as note13_0_, client0_.num_tel_two as num_tel14_0_, client0_.nume_tel_one as nume_te15_0_, client0_.numero_de_permis as numero_16_0_, client0_.numero_passeport as numero_17_0_, client0_.observation as observa18_0_, client0_.prenom as prenom19_0_, client0_.somme_dette as somme_d20_0_, client0_.type_client as type_cl21_0_, client0_.fk_user as fk_user22_0_ from tb_client client0_ where client0_.actived=1
Hibernate: select client0_.pk_id as pk_id1_0_, client0_.actived as actived2_0_, client0_.adresse as adresse3_0_, client0_.client_bloque as client_b4_0_, client0_.date_de_naissance as date_de_5_0_, client0_.date_obtention_passport as date_obt6_0_, client0_.date_obtention_permis as date_obt7_0_, client0_.email as email8_0_, client0_.endette as endette9_0_, client0_.lieu_obtention_passeport as lieu_ob10_0_, client0_.lieu_obtention_permis as lieu_ob11_0_, client0_.nom as nom12_0_, client0_.note as note13_0_, client0_.num_tel_two as num_tel14_0_, client0_.nume_tel_one as nume_te15_0_, client0_.numero_de_permis as numero_16_0_, client0_.numero_passeport as numero_17_0_, client0_.observation as observa18_0_, client0_.prenom as prenom19_0_, client0_.somme_dette as somme_d20_0_, client0_.type_client as type_cl21_0_, client0_.fk_user as fk_user22_0_ from tb_client client0_ where client0_.actived=1
Hibernate: select client0_.pk_id as pk_id1_0_, client0_.actived as actived2_0_, client0_.adresse as adresse3_0_, client0_.client_bloque as client_b4_0_, client0_.date_de_naissance as date_de_5_0_, client0_.date_obtention_passport as date_obt6_0_, client0_.date_obtention_permis as date_obt7_0_, client0_.email as email8_0_, client0_.endette as endette9_0_, client0_.lieu_obtention_passeport as lieu_ob10_0_, client0_.lieu_obtention_permis as lieu_ob11_0_, client0_.nom as nom12_0_, client0_.note as note13_0_, client0_.num_tel_two as num_tel14_0_, client0_.nume_tel_one as nume_te15_0_, client0_.numero_de_permis as numero_16_0_, client0_.numero_passeport as numero_17_0_, client0_.observation as observa18_0_, client0_.prenom as prenom19_0_, client0_.somme_dette as somme_d20_0_, client0_.type_client as type_cl21_0_, client0_.fk_user as fk_user22_0_ from tb_client client0_ where client0_.actived=1
Hibernate: select client0_.pk_id as pk_id1_0_, client0_.actived as actived2_0_, client0_.adresse as adresse3_0_, client0_.client_bloque as client_b4_0_, client0_.date_de_naissance as date_de_5_0_, client0_.date_obtention_passport as date_obt6_0_, client0_.date_obtention_permis as date_obt7_0_, client0_.email as email8_0_, client0_.endette as endette9_0_, client0_.lieu_obtention_passeport as lieu_ob10_0_, client0_.lieu_obtention_permis as lieu_ob11_0_, client0_.nom as nom12_0_, client0_.note as note13_0_, client0_.num_tel_two as num_tel14_0_, client0_.nume_tel_one as nume_te15_0_, client0_.numero_de_permis as numero_16_0_, client0_.numero_passeport as numero_17_0_, client0_.observation as observa18_0_, client0_.prenom as prenom19_0_, client0_.somme_dette as somme_d20_0_, client0_.type_client as type_cl21_0_, client0_.fk_user as fk_user22_0_ from tb_client client0_ where client0_.actived=1
Hibernate: select client0_.pk_id as pk_id1_0_, client0_.actived as actived2_0_, client0_.adresse as adresse3_0_, client0_.client_bloque as client_b4_0_, client0_.date_de_naissance as date_de_5_0_, client0_.date_obtention_passport as date_obt6_0_, client0_.date_obtention_permis as date_obt7_0_, client0_.email as email8_0_, client0_.endette as endette9_0_, client0_.lieu_obtention_passeport as lieu_ob10_0_, client0_.lieu_obtention_permis as lieu_ob11_0_, client0_.nom as nom12_0_, client0_.note as note13_0_, client0_.num_tel_two as num_tel14_0_, client0_.nume_tel_one as nume_te15_0_, client0_.numero_de_permis as numero_16_0_, client0_.numero_passeport as numero_17_0_, client0_.observation as observa18_0_, client0_.prenom as prenom19_0_, client0_.somme_dette as somme_d20_0_, client0_.type_client as type_cl21_0_, client0_.fk_user as fk_user22_0_ from tb_client client0_ where client0_.actived=1
Hibernate: select client0_.pk_id as pk_id1_0_, client0_.actived as actived2_0_, client0_.adresse as adresse3_0_, client0_.client_bloque as client_b4_0_, client0_.date_de_naissance as date_de_5_0_, client0_.date_obtention_passport as date_obt6_0_, client0_.date_obtention_permis as date_obt7_0_, client0_.email as email8_0_, client0_.endette as endette9_0_, client0_.lieu_obtention_passeport as lieu_ob10_0_, client0_.lieu_obtention_permis as lieu_ob11_0_, client0_.nom as nom12_0_, client0_.note as note13_0_, client0_.num_tel_two as num_tel14_0_, client0_.nume_tel_one as nume_te15_0_, client0_.numero_de_permis as numero_16_0_, client0_.numero_passeport as numero_17_0_, client0_.observation as observa18_0_, client0_.prenom as prenom19_0_, client0_.somme_dette as somme_d20_0_, client0_.type_client as type_cl21_0_, client0_.fk_user as fk_user22_0_ from tb_client client0_ where client0_.actived=1
Hibernate: select client0_.pk_id as pk_id1_0_, client0_.actived as actived2_0_, client0_.adresse as adresse3_0_, client0_.client_bloque as client_b4_0_, client0_.date_de_naissance as date_de_5_0_, client0_.date_obtention_passport as date_obt6_0_, client0_.date_obtention_permis as date_obt7_0_, client0_.email as email8_0_, client0_.endette as endette9_0_, client0_.lieu_obtention_passeport as lieu_ob10_0_, client0_.lieu_obtention_permis as lieu_ob11_0_, client0_.nom as nom12_0_, client0_.note as note13_0_, client0_.num_tel_two as num_tel14_0_, client0_.nume_tel_one as nume_te15_0_, client0_.numero_de_permis as numero_16_0_, client0_.numero_passeport as numero_17_0_, client0_.observation as observa18_0_, client0_.prenom as prenom19_0_, client0_.somme_dette as somme_d20_0_, client0_.type_client as type_cl21_0_, client0_.fk_user as fk_user22_0_ from tb_client client0_ where client0_.actived=1
Hibernate: select client0_.pk_id as pk_id1_0_, client0_.actived as actived2_0_, client0_.adresse as adresse3_0_, client0_.client_bloque as client_b4_0_, client0_.date_de_naissance as date_de_5_0_, client0_.date_obtention_passport as date_obt6_0_, client0_.date_obtention_permis as date_obt7_0_, client0_.email as email8_0_, client0_.endette as endette9_0_, client0_.lieu_obtention_passeport as lieu_ob10_0_, client0_.lieu_obtention_permis as lieu_ob11_0_, client0_.nom as nom12_0_, client0_.note as note13_0_, client0_.num_tel_two as num_tel14_0_, client0_.nume_tel_one as nume_te15_0_, client0_.numero_de_permis as numero_16_0_, client0_.numero_passeport as numero_17_0_, client0_.observation as observa18_0_, client0_.prenom as prenom19_0_, client0_.somme_dette as somme_d20_0_, client0_.type_client as type_cl21_0_, client0_.fk_user as fk_user22_0_ from tb_client client0_ where client0_.actived=1
Hibernate: select user0_.pk_id as pk_id1_2_, user0_.password as password2_2_, user0_.user_name as user_nam3_2_ from tb_user user0_ where user0_.user_name=?
Hibernate: select roles0_.user_pk_id as user_pk_1_3_0_, roles0_.roles_pk_id as roles_pk2_3_0_, role1_.pk_id as pk_id1_1_1_, role1_.role_name as role_nam2_1_1_ from tb_user_roles roles0_ inner join tb_role role1_ on roles0_.roles_pk_id=role1_.pk_id where roles0_.user_pk_id=?
Hibernate: select client0_.pk_id as pk_id1_0_, client0_.actived as actived2_0_, client0_.adresse as adresse3_0_, client0_.client_bloque as client_b4_0_, client0_.date_de_naissance as date_de_5_0_, client0_.date_obtention_passport as date_obt6_0_, client0_.date_obtention_permis as date_obt7_0_, client0_.email as email8_0_, client0_.endette as endette9_0_, client0_.lieu_obtention_passeport as lieu_ob10_0_, client0_.lieu_obtention_permis as lieu_ob11_0_, client0_.nom as nom12_0_, client0_.note as note13_0_, client0_.num_tel_two as num_tel14_0_, client0_.nume_tel_one as nume_te15_0_, client0_.numero_de_permis as numero_16_0_, client0_.numero_passeport as numero_17_0_, client0_.observation as observa18_0_, client0_.prenom as prenom19_0_, client0_.somme_dette as somme_d20_0_, client0_.type_client as type_cl21_0_, client0_.fk_user as fk_user22_0_ from tb_client client0_ where client0_.actived=1
2018-06-30 22:51:01.991 ERROR 27918 --- [nio-8080-exec-2] o.a.c.c.C.[.[.[/].[dispatcherServlet]    : Servlet.service() for servlet [dispatcherServlet] in context with path [] threw exception [Request processing failed; nested exception is java.text.ParseException: Unparseable date: "2018-06-28"] with root cause

java.text.ParseException: Unparseable date: "2018-06-28"
	at java.text.DateFormat.parse(DateFormat.java:366) ~[na:1.8.0_171]
	at dz.agenceadam.locationvoiture.service.impl.ClientServiceImpl.saveClientWidthUser(ClientServiceImpl.java:46) ~[classes!/:0.0.1-SNAPSHOT]
	at dz.agenceadam.locationvoiture.service.impl.ClientServiceImpl$$FastClassBySpringCGLIB$$f780abca.invoke(<generated>) ~[classes!/:0.0.1-SNAPSHOT]
	at org.springframework.cglib.proxy.MethodProxy.invoke(MethodProxy.java:204) ~[spring-core-4.3.18.RELEASE.jar!/:4.3.18.RELEASE]
	at org.springframework.aop.framework.CglibAopProxy$CglibMethodInvocation.invokeJoinpoint(CglibAopProxy.java:736) ~[spring-aop-4.3.18.RELEASE.jar!/:4.3.18.RELEASE]
	at org.springframework.aop.framework.ReflectiveMethodInvocation.proceed(ReflectiveMethodInvocation.java:157) ~[spring-aop-4.3.18.RELEASE.jar!/:4.3.18.RELEASE]
	at org.springframework.transaction.interceptor.TransactionInterceptor$1.proceedWithInvocation(TransactionInterceptor.java:99) ~[spring-tx-4.3.18.RELEASE.jar!/:4.3.18.RELEASE]
	at org.springframework.transaction.interceptor.TransactionAspectSupport.invokeWithinTransaction(TransactionAspectSupport.java:282) ~[spring-tx-4.3.18.RELEASE.jar!/:4.3.18.RELEASE]
	at org.springframework.transaction.interceptor.TransactionInterceptor.invoke(TransactionInterceptor.java:96) ~[spring-tx-4.3.18.RELEASE.jar!/:4.3.18.RELEASE]
	at org.springframework.aop.framework.ReflectiveMethodInvocation.proceed(ReflectiveMethodInvocation.java:179) ~[spring-aop-4.3.18.RELEASE.jar!/:4.3.18.RELEASE]
	at org.springframework.aop.framework.CglibAopProxy$DynamicAdvisedInterceptor.intercept(CglibAopProxy.java:671) ~[spring-aop-4.3.18.RELEASE.jar!/:4.3.18.RELEASE]
	at dz.agenceadam.locationvoiture.service.impl.ClientServiceImpl$$EnhancerBySpringCGLIB$$242d653.saveClientWidthUser(<generated>) ~[classes!/:0.0.1-SNAPSHOT]
	at dz.agenceadam.locationvoiture.controller.ClientController.save(ClientController.java:43) ~[classes!/:0.0.1-SNAPSHOT]
	at sun.reflect.NativeMethodAccessorImpl.invoke0(Native Method) ~[na:1.8.0_171]
	at sun.reflect.NativeMethodAccessorImpl.invoke(NativeMethodAccessorImpl.java:62) ~[na:1.8.0_171]
	at sun.reflect.DelegatingMethodAccessorImpl.invoke(DelegatingMethodAccessorImpl.java:43) ~[na:1.8.0_171]
	at java.lang.reflect.Method.invoke(Method.java:498) ~[na:1.8.0_171]
	at org.springframework.web.method.support.InvocableHandlerMethod.doInvoke(InvocableHandlerMethod.java:205) ~[spring-web-4.3.18.RELEASE.jar!/:4.3.18.RELEASE]
	at org.springframework.web.method.support.InvocableHandlerMethod.invokeForRequest(InvocableHandlerMethod.java:133) ~[spring-web-4.3.18.RELEASE.jar!/:4.3.18.RELEASE]
	at org.springframework.web.servlet.mvc.method.annotation.ServletInvocableHandlerMethod.invokeAndHandle(ServletInvocableHandlerMethod.java:97) ~[spring-webmvc-4.3.18.RELEASE.jar!/:4.3.18.RELEASE]
	at org.springframework.web.servlet.mvc.method.annotation.RequestMappingHandlerAdapter.invokeHandlerMethod(RequestMappingHandlerAdapter.java:827) ~[spring-webmvc-4.3.18.RELEASE.jar!/:4.3.18.RELEASE]
	at org.springframework.web.servlet.mvc.method.annotation.RequestMappingHandlerAdapter.handleInternal(RequestMappingHandlerAdapter.java:738) ~[spring-webmvc-4.3.18.RELEASE.jar!/:4.3.18.RELEASE]
	at org.springframework.web.servlet.mvc.method.AbstractHandlerMethodAdapter.handle(AbstractHandlerMethodAdapter.java:85) ~[spring-webmvc-4.3.18.RELEASE.jar!/:4.3.18.RELEASE]
	at org.springframework.web.servlet.DispatcherServlet.doDispatch(DispatcherServlet.java:967) ~[spring-webmvc-4.3.18.RELEASE.jar!/:4.3.18.RELEASE]
	at org.springframework.web.servlet.DispatcherServlet.doService(DispatcherServlet.java:901) ~[spring-webmvc-4.3.18.RELEASE.jar!/:4.3.18.RELEASE]
	at org.springframework.web.servlet.FrameworkServlet.processRequest(FrameworkServlet.java:970) ~[spring-webmvc-4.3.18.RELEASE.jar!/:4.3.18.RELEASE]
	at org.springframework.web.servlet.FrameworkServlet.doPost(FrameworkServlet.java:872) ~[spring-webmvc-4.3.18.RELEASE.jar!/:4.3.18.RELEASE]
	at javax.servlet.http.HttpServlet.service(HttpServlet.java:661) ~[tomcat-embed-core-8.5.31.jar!/:8.5.31]
	at org.springframework.web.servlet.FrameworkServlet.service(FrameworkServlet.java:846) ~[spring-webmvc-4.3.18.RELEASE.jar!/:4.3.18.RELEASE]
	at javax.servlet.http.HttpServlet.service(HttpServlet.java:742) ~[tomcat-embed-core-8.5.31.jar!/:8.5.31]
	at org.apache.catalina.core.ApplicationFilterChain.internalDoFilter(ApplicationFilterChain.java:231) ~[tomcat-embed-core-8.5.31.jar!/:8.5.31]
	at org.apache.catalina.core.ApplicationFilterChain.doFilter(ApplicationFilterChain.java:166) ~[tomcat-embed-core-8.5.31.jar!/:8.5.31]
	at org.apache.tomcat.websocket.server.WsFilter.doFilter(WsFilter.java:52) ~[tomcat-embed-websocket-8.5.31.jar!/:8.5.31]
	at org.apache.catalina.core.ApplicationFilterChain.internalDoFilter(ApplicationFilterChain.java:193) ~[tomcat-embed-core-8.5.31.jar!/:8.5.31]
	at org.apache.catalina.core.ApplicationFilterChain.doFilter(ApplicationFilterChain.java:166) ~[tomcat-embed-core-8.5.31.jar!/:8.5.31]
	at org.springframework.security.web.FilterChainProxy$VirtualFilterChain.doFilter(FilterChainProxy.java:317) ~[spring-security-web-4.2.7.RELEASE.jar!/:4.2.7.RELEASE]
	at org.springframework.security.web.access.intercept.FilterSecurityInterceptor.invoke(FilterSecurityInterceptor.java:127) ~[spring-security-web-4.2.7.RELEASE.jar!/:4.2.7.RELEASE]
	at org.springframework.security.web.access.intercept.FilterSecurityInterceptor.doFilter(FilterSecurityInterceptor.java:91) ~[spring-security-web-4.2.7.RELEASE.jar!/:4.2.7.RELEASE]
	at org.springframework.security.web.FilterChainProxy$VirtualFilterChain.doFilter(FilterChainProxy.java:331) ~[spring-security-web-4.2.7.RELEASE.jar!/:4.2.7.RELEASE]
	at org.springframework.security.web.access.ExceptionTranslationFilter.doFilter(ExceptionTranslationFilter.java:114) ~[spring-security-web-4.2.7.RELEASE.jar!/:4.2.7.RELEASE]
	at org.springframework.security.web.FilterChainProxy$VirtualFilterChain.doFilter(FilterChainProxy.java:331) ~[spring-security-web-4.2.7.RELEASE.jar!/:4.2.7.RELEASE]
	at org.springframework.security.web.session.SessionManagementFilter.doFilter(SessionManagementFilter.java:137) ~[spring-security-web-4.2.7.RELEASE.jar!/:4.2.7.RELEASE]
	at org.springframework.security.web.FilterChainProxy$VirtualFilterChain.doFilter(FilterChainProxy.java:331) ~[spring-security-web-4.2.7.RELEASE.jar!/:4.2.7.RELEASE]
	at org.springframework.security.web.authentication.AnonymousAuthenticationFilter.doFilter(AnonymousAuthenticationFilter.java:111) ~[spring-security-web-4.2.7.RELEASE.jar!/:4.2.7.RELEASE]
	at org.springframework.security.web.FilterChainProxy$VirtualFilterChain.doFilter(FilterChainProxy.java:331) ~[spring-security-web-4.2.7.RELEASE.jar!/:4.2.7.RELEASE]
	at org.springframework.security.web.servletapi.SecurityContextHolderAwareRequestFilter.doFilter(SecurityContextHolderAwareRequestFilter.java:170) ~[spring-security-web-4.2.7.RELEASE.jar!/:4.2.7.RELEASE]
	at org.springframework.security.web.FilterChainProxy$VirtualFilterChain.doFilter(FilterChainProxy.java:331) ~[spring-security-web-4.2.7.RELEASE.jar!/:4.2.7.RELEASE]
	at org.springframework.security.web.savedrequest.RequestCacheAwareFilter.doFilter(RequestCacheAwareFilter.java:63) ~[spring-security-web-4.2.7.RELEASE.jar!/:4.2.7.RELEASE]
	at org.springframework.security.web.FilterChainProxy$VirtualFilterChain.doFilter(FilterChainProxy.java:331) ~[spring-security-web-4.2.7.RELEASE.jar!/:4.2.7.RELEASE]
	at org.springframework.security.web.authentication.ui.DefaultLoginPageGeneratingFilter.doFilter(DefaultLoginPageGeneratingFilter.java:177) ~[spring-security-web-4.2.7.RELEASE.jar!/:4.2.7.RELEASE]
	at org.springframework.security.web.FilterChainProxy$VirtualFilterChain.doFilter(FilterChainProxy.java:331) ~[spring-security-web-4.2.7.RELEASE.jar!/:4.2.7.RELEASE]
	at org.springframework.security.web.authentication.AbstractAuthenticationProcessingFilter.doFilter(AbstractAuthenticationProcessingFilter.java:200) ~[spring-security-web-4.2.7.RELEASE.jar!/:4.2.7.RELEASE]
	at org.springframework.security.web.FilterChainProxy$VirtualFilterChain.doFilter(FilterChainProxy.java:331) ~[spring-security-web-4.2.7.RELEASE.jar!/:4.2.7.RELEASE]
	at org.springframework.security.oauth2.provider.authentication.OAuth2AuthenticationProcessingFilter.doFilter(OAuth2AuthenticationProcessingFilter.java:176) ~[spring-security-oauth2-2.0.15.RELEASE.jar!/:na]
	at org.springframework.security.web.FilterChainProxy$VirtualFilterChain.doFilter(FilterChainProxy.java:331) ~[spring-security-web-4.2.7.RELEASE.jar!/:4.2.7.RELEASE]
	at org.springframework.security.web.authentication.logout.LogoutFilter.doFilter(LogoutFilter.java:116) ~[spring-security-web-4.2.7.RELEASE.jar!/:4.2.7.RELEASE]
	at org.springframework.security.web.FilterChainProxy$VirtualFilterChain.doFilter(FilterChainProxy.java:331) ~[spring-security-web-4.2.7.RELEASE.jar!/:4.2.7.RELEASE]
	at org.springframework.security.web.header.HeaderWriterFilter.doFilterInternal(HeaderWriterFilter.java:66) ~[spring-security-web-4.2.7.RELEASE.jar!/:4.2.7.RELEASE]
	at org.springframework.web.filter.OncePerRequestFilter.doFilter(OncePerRequestFilter.java:107) ~[spring-web-4.3.18.RELEASE.jar!/:4.3.18.RELEASE]
	at org.springframework.security.web.FilterChainProxy$VirtualFilterChain.doFilter(FilterChainProxy.java:331) ~[spring-security-web-4.2.7.RELEASE.jar!/:4.2.7.RELEASE]
	at org.springframework.security.web.context.SecurityContextPersistenceFilter.doFilter(SecurityContextPersistenceFilter.java:105) ~[spring-security-web-4.2.7.RELEASE.jar!/:4.2.7.RELEASE]
	at org.springframework.security.web.FilterChainProxy$VirtualFilterChain.doFilter(FilterChainProxy.java:331) ~[spring-security-web-4.2.7.RELEASE.jar!/:4.2.7.RELEASE]
	at org.springframework.security.web.context.request.async.WebAsyncManagerIntegrationFilter.doFilterInternal(WebAsyncManagerIntegrationFilter.java:56) ~[spring-security-web-4.2.7.RELEASE.jar!/:4.2.7.RELEASE]
	at org.springframework.web.filter.OncePerRequestFilter.doFilter(OncePerRequestFilter.java:107) ~[spring-web-4.3.18.RELEASE.jar!/:4.3.18.RELEASE]
	at org.springframework.security.web.FilterChainProxy$VirtualFilterChain.doFilter(FilterChainProxy.java:331) ~[spring-security-web-4.2.7.RELEASE.jar!/:4.2.7.RELEASE]
	at org.springframework.security.web.FilterChainProxy.doFilterInternal(FilterChainProxy.java:214) ~[spring-security-web-4.2.7.RELEASE.jar!/:4.2.7.RELEASE]
	at org.springframework.security.web.FilterChainProxy.doFilter(FilterChainProxy.java:177) ~[spring-security-web-4.2.7.RELEASE.jar!/:4.2.7.RELEASE]
	at org.springframework.web.filter.DelegatingFilterProxy.invokeDelegate(DelegatingFilterProxy.java:347) ~[spring-web-4.3.18.RELEASE.jar!/:4.3.18.RELEASE]
	at org.springframework.web.filter.DelegatingFilterProxy.doFilter(DelegatingFilterProxy.java:263) ~[spring-web-4.3.18.RELEASE.jar!/:4.3.18.RELEASE]
	at org.apache.catalina.core.ApplicationFilterChain.internalDoFilter(ApplicationFilterChain.java:193) ~[tomcat-embed-core-8.5.31.jar!/:8.5.31]
	at org.apache.catalina.core.ApplicationFilterChain.doFilter(ApplicationFilterChain.java:166) ~[tomcat-embed-core-8.5.31.jar!/:8.5.31]
	at org.springframework.web.filter.RequestContextFilter.doFilterInternal(RequestContextFilter.java:99) ~[spring-web-4.3.18.RELEASE.jar!/:4.3.18.RELEASE]
	at org.springframework.web.filter.OncePerRequestFilter.doFilter(OncePerRequestFilter.java:107) ~[spring-web-4.3.18.RELEASE.jar!/:4.3.18.RELEASE]
	at org.apache.catalina.core.ApplicationFilterChain.internalDoFilter(ApplicationFilterChain.java:193) ~[tomcat-embed-core-8.5.31.jar!/:8.5.31]
	at org.apache.catalina.core.ApplicationFilterChain.doFilter(ApplicationFilterChain.java:166) ~[tomcat-embed-core-8.5.31.jar!/:8.5.31]
	at org.springframework.web.filter.HttpPutFormContentFilter.doFilterInternal(HttpPutFormContentFilter.java:109) ~[spring-web-4.3.18.RELEASE.jar!/:4.3.18.RELEASE]
	at org.springframework.web.filter.OncePerRequestFilter.doFilter(OncePerRequestFilter.java:107) ~[spring-web-4.3.18.RELEASE.jar!/:4.3.18.RELEASE]
	at org.apache.catalina.core.ApplicationFilterChain.internalDoFilter(ApplicationFilterChain.java:193) ~[tomcat-embed-core-8.5.31.jar!/:8.5.31]
	at org.apache.catalina.core.ApplicationFilterChain.doFilter(ApplicationFilterChain.java:166) ~[tomcat-embed-core-8.5.31.jar!/:8.5.31]
	at org.springframework.web.filter.HiddenHttpMethodFilter.doFilterInternal(HiddenHttpMethodFilter.java:93) ~[spring-web-4.3.18.RELEASE.jar!/:4.3.18.RELEASE]
	at org.springframework.web.filter.OncePerRequestFilter.doFilter(OncePerRequestFilter.java:107) ~[spring-web-4.3.18.RELEASE.jar!/:4.3.18.RELEASE]
	at org.apache.catalina.core.ApplicationFilterChain.internalDoFilter(ApplicationFilterChain.java:193) ~[tomcat-embed-core-8.5.31.jar!/:8.5.31]
	at org.apache.catalina.core.ApplicationFilterChain.doFilter(ApplicationFilterChain.java:166) ~[tomcat-embed-core-8.5.31.jar!/:8.5.31]
	at org.springframework.web.filter.CharacterEncodingFilter.doFilterInternal(CharacterEncodingFilter.java:197) ~[spring-web-4.3.18.RELEASE.jar!/:4.3.18.RELEASE]
	at org.springframework.web.filter.OncePerRequestFilter.doFilter(OncePerRequestFilter.java:107) ~[spring-web-4.3.18.RELEASE.jar!/:4.3.18.RELEASE]
	at org.apache.catalina.core.ApplicationFilterChain.internalDoFilter(ApplicationFilterChain.java:193) ~[tomcat-embed-core-8.5.31.jar!/:8.5.31]
	at org.apache.catalina.core.ApplicationFilterChain.doFilter(ApplicationFilterChain.java:166) ~[tomcat-embed-core-8.5.31.jar!/:8.5.31]
	at org.apache.catalina.core.StandardWrapperValve.invoke(StandardWrapperValve.java:198) ~[tomcat-embed-core-8.5.31.jar!/:8.5.31]
	at org.apache.catalina.core.StandardContextValve.invoke(StandardContextValve.java:96) [tomcat-embed-core-8.5.31.jar!/:8.5.31]
	at org.apache.catalina.authenticator.AuthenticatorBase.invoke(AuthenticatorBase.java:496) [tomcat-embed-core-8.5.31.jar!/:8.5.31]
	at org.apache.catalina.core.StandardHostValve.invoke(StandardHostValve.java:140) [tomcat-embed-core-8.5.31.jar!/:8.5.31]
	at org.apache.catalina.valves.ErrorReportValve.invoke(ErrorReportValve.java:81) [tomcat-embed-core-8.5.31.jar!/:8.5.31]
	at org.apache.catalina.core.StandardEngineValve.invoke(StandardEngineValve.java:87) [tomcat-embed-core-8.5.31.jar!/:8.5.31]
	at org.apache.catalina.connector.CoyoteAdapter.service(CoyoteAdapter.java:342) [tomcat-embed-core-8.5.31.jar!/:8.5.31]
	at org.apache.coyote.http11.Http11Processor.service(Http11Processor.java:803) [tomcat-embed-core-8.5.31.jar!/:8.5.31]
	at org.apache.coyote.AbstractProcessorLight.process(AbstractProcessorLight.java:66) [tomcat-embed-core-8.5.31.jar!/:8.5.31]
	at org.apache.coyote.AbstractProtocol$ConnectionHandler.process(AbstractProtocol.java:790) [tomcat-embed-core-8.5.31.jar!/:8.5.31]
	at org.apache.tomcat.util.net.NioEndpoint$SocketProcessor.doRun(NioEndpoint.java:1468) [tomcat-embed-core-8.5.31.jar!/:8.5.31]
	at org.apache.tomcat.util.net.SocketProcessorBase.run(SocketProcessorBase.java:49) [tomcat-embed-core-8.5.31.jar!/:8.5.31]
	at java.util.concurrent.ThreadPoolExecutor.runWorker(ThreadPoolExecutor.java:1149) [na:1.8.0_171]
	at java.util.concurrent.ThreadPoolExecutor$Worker.run(ThreadPoolExecutor.java:624) [na:1.8.0_171]
	at org.apache.tomcat.util.threads.TaskThread$WrappingRunnable.run(TaskThread.java:61) [tomcat-embed-core-8.5.31.jar!/:8.5.31]
	at java.lang.Thread.run(Thread.java:748) [na:1.8.0_171]

Hibernate: select client0_.pk_id as pk_id1_0_, client0_.actived as actived2_0_, client0_.adresse as adresse3_0_, client0_.client_bloque as client_b4_0_, client0_.date_de_naissance as date_de_5_0_, client0_.date_obtention_passport as date_obt6_0_, client0_.date_obtention_permis as date_obt7_0_, client0_.email as email8_0_, client0_.endette as endette9_0_, client0_.lieu_obtention_passeport as lieu_ob10_0_, client0_.lieu_obtention_permis as lieu_ob11_0_, client0_.nom as nom12_0_, client0_.note as note13_0_, client0_.num_tel_two as num_tel14_0_, client0_.nume_tel_one as nume_te15_0_, client0_.numero_de_permis as numero_16_0_, client0_.numero_passeport as numero_17_0_, client0_.observation as observa18_0_, client0_.prenom as prenom19_0_, client0_.somme_dette as somme_d20_0_, client0_.type_client as type_cl21_0_, client0_.fk_user as fk_user22_0_ from tb_client client0_ where client0_.nom=? and client0_.prenom=? and client0_.date_de_naissance=?
Hibernate: select client0_.pk_id as pk_id1_0_, client0_.actived as actived2_0_, client0_.adresse as adresse3_0_, client0_.client_bloque as client_b4_0_, client0_.date_de_naissance as date_de_5_0_, client0_.date_obtention_passport as date_obt6_0_, client0_.date_obtention_permis as date_obt7_0_, client0_.email as email8_0_, client0_.endette as endette9_0_, client0_.lieu_obtention_passeport as lieu_ob10_0_, client0_.lieu_obtention_permis as lieu_ob11_0_, client0_.nom as nom12_0_, client0_.note as note13_0_, client0_.num_tel_two as num_tel14_0_, client0_.nume_tel_one as nume_te15_0_, client0_.numero_de_permis as numero_16_0_, client0_.numero_passeport as numero_17_0_, client0_.observation as observa18_0_, client0_.prenom as prenom19_0_, client0_.somme_dette as somme_d20_0_, client0_.type_client as type_cl21_0_, client0_.fk_user as fk_user22_0_ from tb_client client0_ where client0_.nom=? and client0_.prenom=? and client0_.date_de_naissance=?
Hibernate: select user0_.pk_id as pk_id1_2_, user0_.password as password2_2_, user0_.user_name as user_nam3_2_ from tb_user user0_ where user0_.user_name=?
Hibernate: select roles0_.user_pk_id as user_pk_1_3_0_, roles0_.roles_pk_id as roles_pk2_3_0_, role1_.pk_id as pk_id1_1_1_, role1_.role_name as role_nam2_1_1_ from tb_user_roles roles0_ inner join tb_role role1_ on roles0_.roles_pk_id=role1_.pk_id where roles0_.user_pk_id=?
